[0604/233856.802:ERROR:file_io.cc(89)] ReadExactly: expected 36, observed 0
[0605/002825.457:ERROR:file_io.cc(89)] ReadExactly: expected 36, observed 0
[0618/222343.615:ERROR:process_reader_win.cc(123)] NtOpenThread: {액세스 거부} 프로세스가 개체에 액세스를 요구했지만 액세스 권한이 없습니다. (0xc0000022)
[0618/222343.623:ERROR:exception_snapshot_win.cc(98)] thread ID 25452 not found in process
[0618/222343.787:ERROR:process_reader_win.cc(123)] NtOpenThread: {액세스 거부} 프로세스가 개체에 액세스를 요구했지만 액세스 권한이 없습니다. (0xc0000022)
[0618/222343.787:ERROR:exception_snapshot_win.cc(98)] thread ID 5452 not found in process
[0618/230351.996:ERROR:process_reader_win.cc(151)] SuspendThread: 액세스가 거부되었습니다. (0x5)
[0618/230351.998:ERROR:exception_snapshot_win.cc(98)] thread ID 27980 not found in process
[0618/230351.998:ERROR:scoped_process_suspend.cc(40)] NtResumeProcess: 기존 프로세스에 액세스하려고 했습니다. (0xc000010a)
[0619/093016.101:ERROR:process_reader_win.cc(123)] NtOpenThread: {액세스 거부} 프로세스가 개체에 액세스를 요구했지만 액세스 권한이 없습니다. (0xc0000022)
[0619/093016.102:ERROR:exception_snapshot_win.cc(98)] thread ID 19140 not found in process
[0619/093016.252:ERROR:process_reader_win.cc(123)] NtOpenThread: {액세스 거부} 프로세스가 개체에 액세스를 요구했지만 액세스 권한이 없습니다. (0xc0000022)
[0619/093016.252:ERROR:exception_snapshot_win.cc(98)] thread ID 24976 not found in process
[0624/165925.502:ERROR:process_reader_win.cc(151)] SuspendThread: 액세스가 거부되었습니다. (0x5)
[0624/165925.504:ERROR:exception_snapshot_win.cc(98)] thread ID 5372 not found in process
[0624/165925.504:ERROR:scoped_process_suspend.cc(40)] NtResumeProcess: 기존 프로세스에 액세스하려고 했습니다. (0xc000010a)
[0630/233201.040:ERROR:process_reader_win.cc(123)] NtOpenThread: {액세스 거부} 프로세스가 개체에 액세스를 요구했지만 액세스 권한이 없습니다. (0xc0000022)
[0630/233201.046:ERROR:exception_snapshot_win.cc(98)] thread ID 14100 not found in process
[0630/233201.179:ERROR:process_reader_win.cc(123)] NtOpenThread: {액세스 거부} 프로세스가 개체에 액세스를 요구했지만 액세스 권한이 없습니다. (0xc0000022)
[0630/233201.179:ERROR:exception_snapshot_win.cc(98)] thread ID 17528 not found in process
